<?xml version="1.0" encoding="UTF-8"?>
<testsuite name="GameTest" tests="1" skipped="0" failures="0" errors="0" timestamp="2022-12-20T08:42:43" hostname="natalias-mbp.home" time="0.048">
  <properties/>
  <testcase name="robot makes three moves and he is gone()" classname="GameTest" time="0.048"/>
  <system-out><![CDATA[□ □ □ ← 
□ □ □ □ 
□ □ □ □ 
□ □ □ □ 
□ □ □ □ 

□ □ ← □ 
□ □ □ □ 
□ □ □ □ 
□ □ □ □ 
□ □ □ □ 

□ □ ↑ □ 
□ □ □ □ 
□ □ □ □ 
□ □ □ □ 
□ □ □ □ 

2 4 N LOST
]]></system-out>
  <system-err><![CDATA[]]></system-err>
</testsuite>
