<?xml version="1.0" encoding="UTF-8"?>
<testsuite name="CommandProcessorTest" tests="1" skipped="0" failures="0" errors="0" timestamp="2023-01-27T10:30:01" hostname="natalias-mbp.home" time="0.99">
  <properties/>
  <testcase name="processCommands calls command when robot status is Alive and not call when the status is Lost()" classname="CommandProcessorTest" time="0.99"/>
  <system-out><![CDATA[]]></system-out>
  <system-err><![CDATA[]]></system-err>
</testsuite>
