<?xml version="1.0" encoding="UTF-8"?>
<testsuite name="MovesParserTest" tests="3" skipped="0" failures="0" errors="0" timestamp="2023-01-25T12:31:39" hostname="natalias-mbp.home" time="0.022">
  <properties/>
  <testcase name="MovesParser throws exception when we pass incorrect moves (contains small letter)()" classname="MovesParserTest" time="0.007"/>
  <testcase name="MovesParser throws exception when we pass incorrect moves (contains Digit)()" classname="MovesParserTest" time="0.008"/>
  <testcase name="MovesParser throws exception when we pass incorrect moves (contains blank space)()" classname="MovesParserTest" time="0.005"/>
  <system-out><![CDATA[]]></system-out>
  <system-err><![CDATA[]]></system-err>
</testsuite>
