<?xml version="1.0" encoding="UTF-8"?>
<testsuite name="RobotTest" tests="2" skipped="0" failures="0" errors="0" timestamp="2023-01-25T12:31:40" hostname="natalias-mbp.home" time="0.009">
  <properties/>
  <testcase name="setRobotPosition set him to correct position()" classname="RobotTest" time="0.004"/>
  <testcase name="setRobotPosition set him with correct direction()" classname="RobotTest" time="0.004"/>
  <system-out><![CDATA[]]></system-out>
  <system-err><![CDATA[]]></system-err>
</testsuite>
