<?xml version="1.0" encoding="UTF-8"?>
<testsuite name="ConfigParserTest" tests="1" skipped="0" failures="0" errors="0" timestamp="2023-01-27T11:59:02" hostname="natalias-mbp.home" time="0.114">
  <properties/>
  <testcase name="Parser correctly transforms input to list contains of commandList moveRight, moveForward, moveLeft, moveRight()" classname="ConfigParserTest" time="0.114"/>
  <system-out><![CDATA[]]></system-out>
  <system-err><![CDATA[]]></system-err>
</testsuite>
