<?xml version="1.0" encoding="UTF-8"?>
<testsuite name="GameTest" tests="1" skipped="0" failures="0" errors="0" timestamp="2022-12-21T15:13:12" hostname="natalias-mbp.home" time="0.743">
  <properties/>
  <testcase name="startGame works correctly - robot status is lost when he went outside grid()" classname="GameTest" time="0.743"/>
  <system-out><![CDATA[□ □ □ □ □ □ 
□ □ □ □ □ □ 
□ □ □ □ □ □ 
↓ □ □ □ □ □ 
0 0 S

0 0 S LOST 

]]></system-out>
  <system-err><![CDATA[]]></system-err>
</testsuite>
