<?xml version="1.0" encoding="UTF-8"?>
<testsuite name="RobotPositionParserTest" tests="4" skipped="0" failures="0" errors="0" timestamp="2023-01-25T11:00:15" hostname="natalias-mbp.home" time="0.006">
  <properties/>
  <testcase name="robotPositionParser throws exception when we pass incorrect robotPosition (it length is 1)()" classname="RobotPositionParserTest" time="0.001"/>
  <testcase name="robotPositionParser throws exception when we pass incorrect robotPosition (incorrect format - 1 E 1)()" classname="RobotPositionParserTest" time="0.001"/>
  <testcase name="RobotPositionParser throw exception when its width is 60 and its bigger than grid size()" classname="RobotPositionParserTest" time="0.001"/>
  <testcase name="RobotPositionParser correctly transforms string '30 5 E' to robotPosition and robotDirection()" classname="RobotPositionParserTest" time="0.002"/>
  <system-out><![CDATA[]]></system-out>
  <system-err><![CDATA[]]></system-err>
</testsuite>
