<?xml version="1.0" encoding="UTF-8"?>
<testsuite name="GridConfigParserTest" tests="4" skipped="0" failures="0" errors="0" timestamp="2023-01-27T11:59:03" hostname="natalias-mbp.home" time="0.009">
  <properties/>
  <testcase name="GridSizeParser throws exception when width is 60 (it is too big)()" classname="GridConfigParserTest" time="0.002"/>
  <testcase name="GridSizeParser transforms string '30 5' to grid width and grid height()" classname="GridConfigParserTest" time="0.002"/>
  <testcase name="gridSizeParser throws exception when we pass incorrect gridSize (it has blank space at beginning)()" classname="GridConfigParserTest" time="0.001"/>
  <testcase name="gridSizeParser throws exception when we pass incorrect gridSize (it length is 2)()" classname="GridConfigParserTest" time="0.001"/>
  <system-out><![CDATA[GridConfigParser
GridConfigParser
GridConfigParser
GridConfigParser
]]></system-out>
  <system-err><![CDATA[]]></system-err>
</testsuite>
