<?xml version="1.0" encoding="UTF-8"?>
<testsuite name="MainInputParserTest" tests="4" skipped="0" failures="0" errors="0" timestamp="2023-01-09T16:46:47" hostname="natalias-mbp.home" time="0.085">
  <properties/>
  <testcase name="mainInput throws exception when we pass incorrect input (two lines instead of three)()" classname="MainInputParserTest" time="0.001"/>
  <testcase name="MainInputParser is correctly split  '5 3   1 1 E   RFRFRFRF' to three separate strings()" classname="MainInputParserTest" time="0.0"/>
  <testcase name="mainInputParser throws exception when we pass empty input()" classname="MainInputParserTest" time="0.001"/>
  <testcase name="MovesParser correctly transforms 'FRLLL' to list contains of commandList moveForward, moveRight, moveLeft, moveLeft, moveLeft()" classname="MainInputParserTest" time="0.081"/>
  <system-out><![CDATA[]]></system-out>
  <system-err><![CDATA[]]></system-err>
</testsuite>
