<?xml version="1.0" encoding="UTF-8"?>
<testsuite name="ParserTest" tests="1" skipped="0" failures="0" errors="0" timestamp="2023-01-25T11:16:57" hostname="natalias-mbp.home" time="0.016">
  <properties/>
  <testcase name="Parser correctly transforms '5 3   1 1 E   RFLR' to list contains of commandList moveRight, moveForward, moveLeft, moveRight()" classname="ParserTest" time="0.016"/>
  <system-out><![CDATA[]]></system-out>
  <system-err><![CDATA[]]></system-err>
</testsuite>
