<?xml version="1.0" encoding="UTF-8"?>
<testsuite name="MainInputConfigParserTest" tests="4" skipped="0" failures="0" errors="0" timestamp="2023-01-25T13:38:06" hostname="natalias-mbp.home" time="0.023">
  <properties/>
  <testcase name="mainInput throws exception when we pass incorrect input (two lines instead of three)()" classname="MainInputConfigParserTest" time="0.005"/>
  <testcase name="MainInputParser is correctly split  '5 3   1 1 E   RFRFRFRF' to three separate strings()" classname="MainInputConfigParserTest" time="0.001"/>
  <testcase name="mainInputParser throws exception when we pass empty input()" classname="MainInputConfigParserTest" time="0.001"/>
  <testcase name="MovesParser correctly transforms 'FRLLL' to list contains of commandList moveForward, moveRight, moveLeft, moveLeft, moveLeft()" classname="MainInputConfigParserTest" time="0.014"/>
  <system-out><![CDATA[]]></system-out>
  <system-err><![CDATA[]]></system-err>
</testsuite>
