<?xml version="1.0" encoding="UTF-8"?>
<testsuite name="GameTest" tests="5" skipped="0" failures="0" errors="0" timestamp="2023-01-27T11:59:02" hostname="natalias-mbp.home" time="0.22">
  <properties/>
  <testcase name="robot was created with a correct data()" classname="GameTest" time="0.117"/>
  <testcase name="processCommands was called correctly()" classname="GameTest" time="0.029"/>
  <testcase name="startGame throws exception when robotPosition is bigger than gridSize()" classname="GameTest" time="0.023"/>
  <testcase name="grid was created with a correct data()" classname="GameTest" time="0.021"/>
  <testcase name="startGame throws exception when width is bigger than 50()" classname="GameTest" time="0.025"/>
  <system-out><![CDATA[]]></system-out>
  <system-err><![CDATA[]]></system-err>
</testsuite>
