<?xml version="1.0" encoding="UTF-8"?>
<testsuite name="RobotTest" tests="2" skipped="0" failures="0" errors="0" timestamp="2023-01-27T11:59:03" hostname="natalias-mbp.home" time="0.002">
  <properties/>
  <testcase name="updateRobotStatus set robot correct status()" classname="RobotTest" time="0.001"/>
  <testcase name="updatePosition set robot to correct position()" classname="RobotTest" time="0.0"/>
  <system-out><![CDATA[]]></system-out>
  <system-err><![CDATA[]]></system-err>
</testsuite>
