<?xml version="1.0" encoding="UTF-8"?>
<testsuite name="GameTest" tests="2" skipped="0" failures="0" errors="0" timestamp="2023-01-25T12:31:37" hostname="natalias-mbp.home" time="2.056">
  <properties/>
  <testcase name="startGame calls three commands()" classname="GameTest" time="2.032"/>
  <testcase name="startGame() calls only two commands and the last is not called()" classname="GameTest" time="0.022"/>
  <system-out><![CDATA[]]></system-out>
  <system-err><![CDATA[]]></system-err>
</testsuite>
