<?xml version="1.0" encoding="UTF-8"?>
<testsuite name="RobotTest" tests="2" skipped="0" failures="0" errors="0" timestamp="2023-01-09T16:46:48" hostname="natalias-mbp.home" time="0.006">
  <properties/>
  <testcase name="setRobotPosition set him to correct position()" classname="RobotTest" time="0.002"/>
  <testcase name="setRobotPosition set him with correct direction()" classname="RobotTest" time="0.003"/>
  <system-out><![CDATA[]]></system-out>
  <system-err><![CDATA[]]></system-err>
</testsuite>
