<?xml version="1.0" encoding="UTF-8"?>
<testsuite name="MoveRightCommandTest" tests="1" skipped="0" failures="0" errors="0" timestamp="2023-01-25T14:34:24" hostname="natalias-mbp.home" time="0.009">
  <properties/>
  <testcase name="class MoveRightCommand correctly change direction from N to E()" classname="MoveRightCommandTest" time="0.009"/>
  <system-out><![CDATA[]]></system-out>
  <system-err><![CDATA[]]></system-err>
</testsuite>
