<?xml version="1.0" encoding="UTF-8"?>
<testsuite name="GridTest" tests="2" skipped="0" failures="0" errors="0" timestamp="2023-01-25T11:50:19" hostname="natalias-mbp.home" time="0.003">
  <properties/>
  <testcase name="setGrid works correctly()" classname="GridTest" time="0.001"/>
  <testcase name="setGrid throws exception when width is bigger than 50()" classname="GridTest" time="0.001"/>
  <system-out><![CDATA[]]></system-out>
  <system-err><![CDATA[]]></system-err>
</testsuite>
