<?xml version="1.0" encoding="UTF-8"?>
<testsuite name="CommandsConfigConfigParserTest" tests="3" skipped="0" failures="0" errors="0" timestamp="2023-01-25T14:34:21" hostname="natalias-mbp.home" time="3.121">
  <properties/>
  <testcase name="MovesParser throws exception when we pass incorrect moves (contains small letter)()" classname="CommandsConfigConfigParserTest" time="3.103"/>
  <testcase name="MovesParser throws exception when we pass incorrect moves (contains Digit)()" classname="CommandsConfigConfigParserTest" time="0.008"/>
  <testcase name="MovesParser throws exception when we pass incorrect moves (contains blank space)()" classname="CommandsConfigConfigParserTest" time="0.006"/>
  <system-out><![CDATA[]]></system-out>
  <system-err><![CDATA[]]></system-err>
</testsuite>
