<?xml version="1.0" encoding="UTF-8"?>
<testsuite name="GridSizeParserTest" tests="4" skipped="0" failures="0" errors="0" timestamp="2023-01-09T16:46:47" hostname="natalias-mbp.home" time="0.014">
  <properties/>
  <testcase name="GridSizeParser throws exception when width is 60 (it is too big)()" classname="GridSizeParserTest" time="0.007"/>
  <testcase name="GridSizeParser transforms string '30 5' to grid width and grid height()" classname="GridSizeParserTest" time="0.003"/>
  <testcase name="gridSizeParser throws exception when we pass incorrect gridSize (it has blank space at beginning)()" classname="GridSizeParserTest" time="0.001"/>
  <testcase name="gridSizeParser throws exception when we pass incorrect gridSize (it length is 2)()" classname="GridSizeParserTest" time="0.001"/>
  <system-out><![CDATA[]]></system-out>
  <system-err><![CDATA[]]></system-err>
</testsuite>
